TN:
SF:src/modules/appointments/services/CreateAppointmentService.ts
FN:39,__decorate
FN:39,__metadata
FN:39,__param
FN:39,__awaiter
FN:39,adopt
FN:39,fulfilled
FN:39,rejected
FN:39,step
FN:39,__generator
FN:39,sent
FN:39,g.<computed>
FN:39,verb
FN:39,step
FN:39,__importDefault
FN:15,CreateAppointmentService
FN:20,CreateAppointmentService.execute
FNF:16
FNH:14
FNDA:1,__decorate
FNDA:1,__metadata
FNDA:1,__param
FNDA:3,__awaiter
FNDA:5,adopt
FNDA:5,fulfilled
FNDA:0,rejected
FNDA:7,step
FNDA:3,__generator
FNDA:5,sent
FNDA:0,g.<computed>
FNDA:9,verb
FNDA:8,step
FNDA:1,__importDefault
FNDA:2,CreateAppointmentService
FNDA:3,CreateAppointmentService.execute
DA:1,1
DA:2,1
DA:3,1
DA:4,1
DA:5,1
DA:6,1
DA:7,1
DA:8,1
DA:9,1
DA:10,1
DA:11,1
DA:12,1
DA:13,1
DA:14,1
DA:15,1
DA:16,2
DA:17,2
DA:18,2
DA:19,1
DA:20,1
DA:21,3
DA:22,3
DA:23,3
DA:24,3
DA:25,3
DA:26,3
DA:27,3
DA:28,1
DA:29,1
DA:30,2
DA:31,2
DA:32,2
DA:33,2
DA:34,3
DA:35,3
DA:36,3
DA:37,1
DA:38,1
DA:39,1
LF:39
LH:39
BRDA:39,0,0,1
BRDA:39,1,0,1
BRDA:39,2,0,0
BRDA:39,3,0,0
BRDA:39,4,0,0
BRDA:39,5,0,0
BRDA:39,6,0,1
BRDA:39,7,0,1
BRDA:39,8,0,1
BRDA:39,9,0,3
BRDA:39,10,0,5
BRDA:39,11,0,0
BRDA:39,12,0,3
BRDA:39,13,0,5
BRDA:39,14,0,1
BRDA:39,15,0,7
BRDA:39,16,0,2
BRDA:39,17,0,5
BRDA:39,18,0,3
BRDA:39,19,0,5
BRDA:39,20,0,0
BRDA:39,21,0,9
BRDA:39,22,0,8
BRDA:39,23,0,8
BRDA:39,24,0,0
BRDA:39,25,0,16
BRDA:39,26,0,0
BRDA:39,27,0,0
BRDA:39,28,0,0
BRDA:39,29,0,0
BRDA:39,30,0,8
BRDA:39,31,0,8
BRDA:39,32,0,5
BRDA:39,33,0,0
BRDA:39,34,0,0
BRDA:39,35,0,3
BRDA:39,36,0,0
BRDA:39,37,0,2
BRDA:39,38,0,0
BRDA:39,39,0,0
BRDA:39,40,0,0
BRDA:39,41,0,0
BRDA:39,42,0,8
BRDA:39,43,0,1
BRDA:39,44,0,8
BRDA:39,45,0,3
BRDA:39,46,0,1
BRDA:39,47,0,2
BRDA:39,48,0,0
BRDA:39,49,0,1
BRDA:39,50,0,0
BRDA:14,51,0,1
BRDA:15,52,0,2
BRDA:20,53,0,3
BRDA:39,54,0,3
BRDA:39,55,0,8
BRDA:39,56,0,3
BRDA:39,57,0,3
BRDA:27,58,0,1
BRDA:29,59,0,2
BRDA:39,60,0,2
BRF:61
BRH:41
end_of_record
TN:
SF:src/modules/users/services/AuthenticateUserService.ts
FN:55,__decorate
FN:55,__metadata
FN:55,__param
FN:55,__awaiter
FN:55,adopt
FN:55,fulfilled
FN:55,rejected
FN:55,step
FN:55,__generator
FN:55,sent
FN:55,g.<computed>
FN:55,verb
FN:55,step
FN:55,__importDefault
FN:22,AuthenticateUserService
FN:30,AuthenticateUserService.execute
FNF:16
FNH:14
FNDA:1,__decorate
FNDA:1,__metadata
FNDA:2,__param
FNDA:3,__awaiter
FNDA:5,adopt
FNDA:5,fulfilled
FNDA:0,rejected
FNDA:6,step
FNDA:3,__generator
FNDA:5,sent
FNDA:0,g.<computed>
FNDA:9,verb
FNDA:8,step
FNDA:2,__importDefault
FNDA:3,AuthenticateUserService
FNDA:3,AuthenticateUserService.execute
DA:1,1
DA:2,1
DA:3,1
DA:4,1
DA:5,1
DA:6,1
DA:7,1
DA:8,1
DA:9,1
DA:10,1
DA:11,1
DA:12,1
DA:13,1
DA:14,1
DA:15,1
DA:16,1
DA:17,1
DA:18,1
DA:19,1
DA:20,1
DA:21,1
DA:22,1
DA:23,3
DA:24,3
DA:25,3
DA:26,3
DA:27,3
DA:28,3
DA:29,1
DA:30,1
DA:31,3
DA:32,3
DA:33,3
DA:34,1
DA:35,1
DA:36,2
DA:37,2
DA:38,2
DA:39,2
DA:40,2
DA:41,3
DA:42,3
DA:43,1
DA:44,1
DA:45,1
DA:46,1
DA:47,1
DA:48,1
DA:49,1
DA:50,1
DA:51,1
DA:52,1
DA:53,1
DA:54,3
DA:55,1
LF:55
LH:55
BRDA:55,0,0,1
BRDA:55,1,0,1
BRDA:55,2,0,0
BRDA:55,3,0,0
BRDA:55,4,0,0
BRDA:55,5,0,0
BRDA:55,6,0,1
BRDA:55,7,0,2
BRDA:55,8,0,2
BRDA:55,9,0,3
BRDA:55,10,0,5
BRDA:55,11,0,0
BRDA:55,12,0,3
BRDA:55,13,0,5
BRDA:55,14,0,2
BRDA:55,15,0,6
BRDA:55,16,0,1
BRDA:55,17,0,5
BRDA:55,18,0,3
BRDA:55,19,0,5
BRDA:55,20,0,0
BRDA:55,21,0,9
BRDA:55,22,0,8
BRDA:55,23,0,8
BRDA:55,24,0,0
BRDA:55,25,0,16
BRDA:55,26,0,0
BRDA:55,27,0,0
BRDA:55,28,0,0
BRDA:55,29,0,0
BRDA:55,30,0,8
BRDA:55,31,0,8
BRDA:55,32,0,5
BRDA:55,33,0,0
BRDA:55,34,0,0
BRDA:55,35,0,3
BRDA:55,36,0,0
BRDA:55,37,0,1
BRDA:55,38,0,0
BRDA:55,39,0,0
BRDA:55,40,0,0
BRDA:55,41,0,0
BRDA:55,42,0,8
BRDA:55,43,0,2
BRDA:55,44,0,8
BRDA:55,45,0,3
BRDA:55,46,0,2
BRDA:55,47,0,1
BRDA:55,48,0,0
BRDA:55,49,0,2
BRDA:55,50,0,0
BRDA:21,51,0,1
BRDA:22,52,0,3
BRDA:30,53,0,3
BRDA:55,54,0,3
BRDA:55,55,0,8
BRDA:31,56,0,3
BRDA:55,57,0,3
BRDA:33,58,0,1
BRDA:35,59,0,2
BRDA:55,60,0,2
BRDA:42,61,0,1
BRF:62
BRH:42
end_of_record
TN:
SF:src/modules/users/services/CreateUserService.ts
FN:42,__decorate
FN:42,__metadata
FN:42,__param
FN:42,__awaiter
FN:42,adopt
FN:42,fulfilled
FN:42,rejected
FN:42,step
FN:42,__generator
FN:42,sent
FN:42,g.<computed>
FN:42,verb
FN:42,step
FN:42,__importDefault
FN:17,CreateUserService
FN:25,CreateUserService.execute
FNF:16
FNH:14
FNDA:2,__decorate
FNDA:2,__metadata
FNDA:4,__param
FNDA:5,__awaiter
FNDA:13,adopt
FNDA:13,fulfilled
FNDA:0,rejected
FNDA:17,step
FNDA:5,__generator
FNDA:13,sent
FNDA:0,g.<computed>
FNDA:15,verb
FNDA:18,step
FNDA:2,__importDefault
FNDA:4,CreateUserService
FNDA:5,CreateUserService.execute
DA:1,1
DA:2,1
DA:3,1
DA:4,1
DA:5,1
DA:6,1
DA:7,1
DA:8,1
DA:9,1
DA:10,1
DA:11,1
DA:12,1
DA:13,1
DA:14,1
DA:15,1
DA:16,2
DA:17,2
DA:18,4
DA:19,4
DA:20,4
DA:21,4
DA:22,4
DA:23,4
DA:24,2
DA:25,2
DA:26,5
DA:27,5
DA:28,5
DA:29,1
DA:30,1
DA:31,4
DA:32,4
DA:33,5
DA:34,5
DA:35,5
DA:36,5
DA:37,5
DA:38,5
DA:39,5
DA:40,5
DA:41,5
DA:42,2
LF:42
LH:42
BRDA:42,0,0,2
BRDA:42,1,0,2
BRDA:42,2,0,0
BRDA:42,3,0,0
BRDA:42,4,0,0
BRDA:42,5,0,0
BRDA:42,6,0,2
BRDA:42,7,0,4
BRDA:42,8,0,4
BRDA:42,9,0,5
BRDA:42,10,0,13
BRDA:42,11,0,0
BRDA:42,12,0,5
BRDA:42,13,0,13
BRDA:42,14,0,1
BRDA:42,15,0,17
BRDA:42,16,0,4
BRDA:42,17,0,13
BRDA:42,18,0,5
BRDA:42,19,0,13
BRDA:42,20,0,0
BRDA:42,21,0,15
BRDA:42,22,0,18
BRDA:42,23,0,18
BRDA:42,24,0,0
BRDA:42,25,0,36
BRDA:42,26,0,0
BRDA:42,27,0,0
BRDA:42,28,0,0
BRDA:42,29,0,0
BRDA:42,30,0,18
BRDA:42,31,0,18
BRDA:42,32,0,13
BRDA:42,33,0,0
BRDA:42,34,0,0
BRDA:42,35,0,5
BRDA:42,36,0,0
BRDA:42,37,0,4
BRDA:42,38,0,0
BRDA:42,39,0,0
BRDA:42,40,0,0
BRDA:42,41,0,0
BRDA:42,42,0,18
BRDA:42,43,0,1
BRDA:42,44,0,18
BRDA:42,45,0,5
BRDA:42,46,0,1
BRDA:42,47,0,4
BRDA:42,48,0,0
BRDA:42,49,0,2
BRDA:42,50,0,0
BRDA:16,51,0,2
BRDA:17,52,0,4
BRDA:25,53,0,5
BRDA:42,54,0,5
BRDA:42,55,0,18
BRDA:26,56,0,5
BRDA:42,57,0,5
BRDA:28,58,0,1
BRDA:30,59,0,4
BRDA:42,60,0,4
BRDA:42,61,0,4
BRF:62
BRH:42
end_of_record
TN:
SF:src/modules/users/services/UpdateUserAvatarService.ts
FN:45,__decorate
FN:45,__metadata
FN:45,__param
FN:45,__awaiter
FN:45,adopt
FN:45,fulfilled
FN:45,rejected
FN:45,step
FN:45,__generator
FN:45,sent
FN:45,g.<computed>
FN:45,verb
FN:45,step
FN:45,__importDefault
FN:18,UpdateUserAvatarService
FN:26,UpdateUserAvatarService.execute
FNF:16
FNH:14
FNDA:1,__decorate
FNDA:1,__metadata
FNDA:2,__param
FNDA:4,__awaiter
FNDA:11,adopt
FNDA:11,fulfilled
FNDA:0,rejected
FNDA:14,step
FNDA:4,__generator
FNDA:11,sent
FNDA:0,g.<computed>
FNDA:12,verb
FNDA:15,step
FNDA:1,__importDefault
FNDA:3,UpdateUserAvatarService
FNDA:4,UpdateUserAvatarService.execute
DA:1,1
DA:2,1
DA:3,1
DA:4,1
DA:5,1
DA:6,1
DA:7,1
DA:8,1
DA:9,1
DA:10,1
DA:11,1
DA:12,1
DA:13,1
DA:14,1
DA:15,1
DA:16,1
DA:17,1
DA:18,1
DA:19,3
DA:20,3
DA:21,3
DA:22,3
DA:23,3
DA:24,3
DA:25,1
DA:26,1
DA:27,4
DA:28,4
DA:29,4
DA:30,1
DA:31,1
DA:32,3
DA:33,3
DA:34,1
DA:35,4
DA:36,4
DA:37,4
DA:38,4
DA:39,4
DA:40,4
DA:41,4
DA:42,4
DA:43,4
DA:44,4
DA:45,1
LF:45
LH:45
BRDA:45,0,0,1
BRDA:45,1,0,1
BRDA:45,2,0,0
BRDA:45,3,0,0
BRDA:45,4,0,0
BRDA:45,5,0,0
BRDA:45,6,0,1
BRDA:45,7,0,2
BRDA:45,8,0,2
BRDA:45,9,0,4
BRDA:45,10,0,11
BRDA:45,11,0,0
BRDA:45,12,0,4
BRDA:45,13,0,11
BRDA:45,14,0,1
BRDA:45,15,0,14
BRDA:45,16,0,3
BRDA:45,17,0,11
BRDA:45,18,0,4
BRDA:45,19,0,11
BRDA:45,20,0,0
BRDA:45,21,0,12
BRDA:45,22,0,15
BRDA:45,23,0,15
BRDA:45,24,0,0
BRDA:45,25,0,32
BRDA:45,26,0,0
BRDA:45,27,0,0
BRDA:45,28,0,0
BRDA:45,29,0,0
BRDA:45,30,0,15
BRDA:45,31,0,15
BRDA:45,32,0,11
BRDA:45,33,0,0
BRDA:45,34,0,0
BRDA:45,35,0,6
BRDA:45,36,0,0
BRDA:45,37,0,5
BRDA:45,38,0,4
BRDA:45,39,0,2
BRDA:45,40,0,0
BRDA:45,41,0,2
BRDA:45,42,0,0
BRDA:45,43,0,0
BRDA:45,44,0,0
BRDA:45,45,0,17
BRDA:45,46,0,1
BRDA:45,47,0,17
BRDA:45,48,0,4
BRDA:45,49,0,1
BRDA:45,50,0,3
BRDA:45,51,0,0
BRDA:45,52,0,1
BRDA:45,53,0,0
BRDA:17,54,0,1
BRDA:18,55,0,3
BRDA:26,56,0,4
BRDA:45,57,0,4
BRDA:45,58,0,17
BRDA:27,59,0,4
BRDA:45,60,0,4
BRDA:29,61,0,1
BRDA:31,62,0,3
BRDA:33,63,0,2
BRDA:33,64,0,1
BRDA:45,65,0,1
BRDA:37,66,0,3
BRDA:45,67,0,3
BRDA:45,68,0,3
BRF:69
BRH:49
end_of_record
